                       -------------------------------
                      |                               |
                      |                               |
                      |                               |
                      |                               |
                       -------------------------------
jisoo ahh jisoo ya sooyaa
smec mai ec lai ka draum olala ahaha uhuhu
isoo ahh jisoo ya sooyaaj
usmec mai ec lai ka draum olala ahaha uhuh
soo ahh jisoo ya sooyaaji
husmec mai ec lai ka draum olala ahaha uhu
oo ahh jisoo ya sooyaajis
uhusmec mai ec lai ka draum olala ahaha uh
o ahh jisoo ya sooyaajiso
huhusmec mai ec lai ka draum olala ahaha u
 ahh jisoo ya sooyaajisoo
uhuhusmec mai ec lai ka draum olala ahaha 
ahh jisoo ya sooyaajisoo 
 uhuhusmec mai ec lai ka draum olala ahaha
hh jisoo ya sooyaajisoo a
a uhuhusmec mai ec lai ka draum olala ahah
h jisoo ya sooyaajisoo ah
ha uhuhusmec mai ec lai ka draum olala aha
 jisoo ya sooyaajisoo ahh
aha uhuhusmec mai ec lai ka draum olala ah
jisoo ya sooyaajisoo ahh 
haha uhuhusmec mai ec lai ka draum olala a
isoo ya sooyaajisoo ahh j
ahaha uhuhusmec mai ec lai ka draum olala 
soo ya sooyaajisoo ahh ji
 ahaha uhuhusmec mai ec lai ka draum olala
oo ya sooyaajisoo ahh jis
a ahaha uhuhusmec mai ec lai ka draum olal
o ya sooyaajisoo ahh jiso
la ahaha uhuhusmec mai ec lai ka draum ola
 ya sooyaajisoo ahh jisoo
ala ahaha uhuhusmec mai ec lai ka draum ol
ya sooyaajisoo ahh jisoo 
lala ahaha uhuhusmec mai ec lai ka draum o
a sooyaajisoo ahh jisoo y
olala ahaha uhuhusmec mai ec lai ka draum 
